# JRE version: Java(TM) SE Runtime Environment 18.9 (11.0.13+10) (build 11.0.13+10-LTS-370)
# Java VM: Java HotSpot(TM) 64-Bit Server VM 18.9 (11.0.13+10-LTS-370, mixed mode, tiered, compressed oops, g1 gc, windows-amd64)
Heap:
 garbage-first heap   total 81920K, used 54845K [0x0000000081a00000, 0x0000000100000000)
  region size 1024K, 30 young (30720K), 4 survivors (4096K)
 Metaspace       used 66277K, capacity 68356K, committed 68508K, reserved 1107968K
  class space    used 8524K, capacity 9373K, committed 9472K, reserved 1048576K
GC Heap History (10 events):
Event: 1144.795 GC heap before
{Heap before GC invocations=24 (full 1):
 garbage-first heap   total 81920K, used 43866K [0x0000000081a00000, 0x0000000100000000)
  region size 1024K, 20 young (20480K), 5 survivors (5120K)
 Metaspace       used 65644K, capacity 67678K, committed 67868K, reserved 1107968K
  class space    used 8459K, capacity 9284K, committed 9344K, reserved 1048576K
}
Event: 1144.839 GC heap after
{Heap after GC invocations=25 (full 2):
 garbage-first heap   total 81920K, used 22933K [0x0000000081a00000, 0x0000000100000000)
  region size 1024K, 0 young (0K), 0 survivors (0K)
 Metaspace       used 65642K, capacity 67672K, committed 67868K, reserved 1107968K
  class space    used 8458K, capacity 9282K, committed 9344K, reserved 1048576K
}
Event: 1145.223 GC heap before
{Heap before GC invocations=25 (full 2):
 garbage-first heap   total 81920K, used 64917K [0x0000000081a00000, 0x0000000100000000)
  region size 1024K, 41 young (41984K), 0 survivors (0K)
 Metaspace       used 65844K, capacity 67938K, committed 68124K, reserved 1107968K
  class space    used 8491K, capacity 9327K, committed 9344K, reserved 1048576K
}
Event: 1145.226 GC heap after
{Heap after GC invocations=26 (full 2):
 garbage-first heap   total 81920K, used 25730K [0x0000000081a00000, 0x0000000100000000)
  region size 1024K, 3 young (3072K), 3 survivors (3072K)
 Metaspace       used 65844K, capacity 67938K, committed 68124K, reserved 1107968K
  class space    used 8491K, capacity 9327K, committed 9344K, reserved 1048576K
}
Event: 1145.252 GC heap before
{Heap before GC invocations=26 (full 2):
 garbage-first heap   total 81920K, used 64642K [0x0000000081a00000, 0x0000000100000000)
  region size 1024K, 42 young (43008K), 3 survivors (3072K)
 Metaspace       used 65844K, capacity 67938K, committed 68124K, reserved 1107968K
  class space    used 8491K, capacity 9327K, committed 9344K, reserved 1048576K
}
Event: 1145.254 GC heap after
{Heap after GC invocations=27 (full 2):
 garbage-first heap   total 81920K, used 25785K [0x0000000081a00000, 0x0000000100000000)
  region size 1024K, 3 young (3072K), 3 survivors (3072K)
 Metaspace       used 65844K, capacity 67938K, committed 68124K, reserved 1107968K
  class space    used 8491K, capacity 9327K, committed 9344K, reserved 1048576K
}
Event: 1145.455 GC heap before
{Heap before GC invocations=27 (full 2):
 garbage-first heap   total 81920K, used 66745K [0x0000000081a00000, 0x0000000100000000)
  region size 1024K, 43 young (44032K), 3 survivors (3072K)
 Metaspace       used 65929K, capacity 68020K, committed 68124K, reserved 1107968K
  class space    used 8500K, capacity 9330K, committed 9344K, reserved 1048576K
}
Event: 1145.459 GC heap after
{Heap after GC invocations=28 (full 2):
 garbage-first heap   total 81920K, used 26762K [0x0000000081a00000, 0x0000000100000000)
  region size 1024K, 4 young (4096K), 4 survivors (4096K)
 Metaspace       used 65929K, capacity 68020K, committed 68124K, reserved 1107968K
  class space    used 8500K, capacity 9330K, committed 9344K, reserved 1048576K
}
Event: 1145.674 GC heap before
{Heap before GC invocations=28 (full 2):
 garbage-first heap   total 81920K, used 66698K [0x0000000081a00000, 0x0000000100000000)
  region size 1024K, 43 young (44032K), 4 survivors (4096K)
 Metaspace       used 66216K, capacity 68326K, committed 68508K, reserved 1107968K
  class space    used 8517K, capacity 9365K, committed 9472K, reserved 1048576K
}
Event: 1145.679 GC heap after
{Heap after GC invocations=29 (full 2):
 garbage-first heap   total 81920K, used 29245K [0x0000000081a00000, 0x0000000100000000)
  region size 1024K, 4 young (4096K), 4 survivors (4096K)
 Metaspace       used 66216K, capacity 68326K, committed 68508K, reserved 1107968K
  class space    used 8517K, capacity 9365K, committed 9472K, reserved 1048576K
}

